2020-12-09 14:42:32.2995|ERROR|TechnipFMC.Finapp.Service.API.ScenarioFileUploadController|GetScenariouploadlog||System.Data.SqlClient.SqlException (0x80131904): Conversion failed when converting the varchar value '5D16C387-5BBB-42C4-B3E4-A2E6EA0F53B1' to data type int.
   at System.Data.SqlClient.SqlConnection.OnError(SqlException exception, Boolean breakConnection, Action`1 wrapCloseInAction)
   at System.Data.SqlClient.TdsParser.ThrowExceptionAndWarning(TdsParserStateObject stateObj, Boolean callerHasConnectionLock, Boolean asyncClose)
   at System.Data.SqlClient.TdsParser.TryRun(RunBehavior runBehavior, SqlCommand cmdHandler, SqlDataReader dataStream, BulkCopySimpleResultSet bulkCopyHandler, TdsParserStateObject stateObj, Boolean& dataReady)
   at System.Data.SqlClient.SqlDataReader.TryConsumeMetaData()
   at System.Data.SqlClient.SqlDataReader.get_MetaData()
   at System.Data.SqlClient.SqlCommand.FinishExecuteReader(SqlDataReader ds, RunBehavior runBehavior, String resetOptionsString, Boolean isInternal, Boolean forDescribeParameterEncryption, Boolean shouldCacheForAlwaysEncrypted)
   at System.Data.SqlClient.SqlCommand.RunExecuteReaderTds(CommandBehavior cmdBehavior, RunBehavior runBehavior, Boolean returnStream, Boolean async, Int32 timeout, Task& task, Boolean asyncWrite, Boolean inRetry, SqlDataReader ds, Boolean describeParameterEncryptionRequest)
   at System.Data.SqlClient.SqlCommand.RunExecuteReader(CommandBehavior cmdBehavior, RunBehavior runBehavior, Boolean returnStream, String method, TaskCompletionSource`1 completion, Int32 timeout, Task& task, Boolean& usedCache, Boolean asyncWrite, Boolean inRetry)
   at System.Data.SqlClient.SqlCommand.RunExecuteReader(CommandBehavior cmdBehavior, RunBehavior runBehavior, Boolean returnStream, String method)
   at System.Data.SqlClient.SqlCommand.ExecuteReader(CommandBehavior behavior, String method)
   at System.Data.Common.DbDataAdapter.FillInternal(DataSet dataset, DataTable[] datatables, Int32 startRecord, Int32 maxRecords, String srcTable, IDbCommand command, CommandBehavior behavior)
   at System.Data.Common.DbDataAdapter.Fill(DataSet dataSet, Int32 startRecord, Int32 maxRecords, String srcTable, IDbCommand command, CommandBehavior behavior)
   at System.Data.Common.DbDataAdapter.Fill(DataSet dataSet)
   at TechnipFMC.Finapp.Data.ScenarioFileRepository.GetuploadFile(String token) in C:\TFS_WORKSPACE\MiddleEastApps\fin4cast\02-DEVELOPER\WebApp\fin4cast\TechnipFMC.Finapp.Data\ScenarioFileRepository.cs:line 464
   at TechnipFMC.Finapp.Service.API.Controllers.ScenarioFileUploadController.GetuploadFile(String token, String UploadsessionId, String Page, String UserAction) in C:\TFS_WORKSPACE\MiddleEastApps\fin4cast\02-DEVELOPER\WebApp\fin4cast\TechnipFMC.Finapp.Service.API\Controllers\ScenarioFileUploadController.cs:line 195
ClientConnectionId:a1e2c8b8-ce84-43b8-a3bc-2b7bf5673ac0
Error Number:245,State:1,Class:16
2020-12-09 14:43:04.8158|ERROR|TechnipFMC.Finapp.Service.API.ScenarioFileUploadController|GetScenariouploadlog||System.Data.SqlClient.SqlException (0x80131904): Conversion failed when converting the varchar value '5D16C387-5BBB-42C4-B3E4-A2E6EA0F53B1' to data type int.
   at System.Data.SqlClient.SqlConnection.OnError(SqlException exception, Boolean breakConnection, Action`1 wrapCloseInAction)
   at System.Data.SqlClient.TdsParser.ThrowExceptionAndWarning(TdsParserStateObject stateObj, Boolean callerHasConnectionLock, Boolean asyncClose)
   at System.Data.SqlClient.TdsParser.TryRun(RunBehavior runBehavior, SqlCommand cmdHandler, SqlDataReader dataStream, BulkCopySimpleResultSet bulkCopyHandler, TdsParserStateObject stateObj, Boolean& dataReady)
   at System.Data.SqlClient.SqlDataReader.TryConsumeMetaData()
   at System.Data.SqlClient.SqlDataReader.get_MetaData()
   at System.Data.SqlClient.SqlCommand.FinishExecuteReader(SqlDataReader ds, RunBehavior runBehavior, String resetOptionsString, Boolean isInternal, Boolean forDescribeParameterEncryption, Boolean shouldCacheForAlwaysEncrypted)
   at System.Data.SqlClient.SqlCommand.RunExecuteReaderTds(CommandBehavior cmdBehavior, RunBehavior runBehavior, Boolean returnStream, Boolean async, Int32 timeout, Task& task, Boolean asyncWrite, Boolean inRetry, SqlDataReader ds, Boolean describeParameterEncryptionRequest)
   at System.Data.SqlClient.SqlCommand.RunExecuteReader(CommandBehavior cmdBehavior, RunBehavior runBehavior, Boolean returnStream, String method, TaskCompletionSource`1 completion, Int32 timeout, Task& task, Boolean& usedCache, Boolean asyncWrite, Boolean inRetry)
   at System.Data.SqlClient.SqlCommand.RunExecuteReader(CommandBehavior cmdBehavior, RunBehavior runBehavior, Boolean returnStream, String method)
   at System.Data.SqlClient.SqlCommand.ExecuteReader(CommandBehavior behavior, String method)
   at System.Data.Common.DbDataAdapter.FillInternal(DataSet dataset, DataTable[] datatables, Int32 startRecord, Int32 maxRecords, String srcTable, IDbCommand command, CommandBehavior behavior)
   at System.Data.Common.DbDataAdapter.Fill(DataSet dataSet, Int32 startRecord, Int32 maxRecords, String srcTable, IDbCommand command, CommandBehavior behavior)
   at System.Data.Common.DbDataAdapter.Fill(DataSet dataSet)
   at TechnipFMC.Finapp.Data.ScenarioFileRepository.GetuploadFile(String token) in C:\TFS_WORKSPACE\MiddleEastApps\fin4cast\02-DEVELOPER\WebApp\fin4cast\TechnipFMC.Finapp.Data\ScenarioFileRepository.cs:line 464
   at TechnipFMC.Finapp.Service.API.Controllers.ScenarioFileUploadController.GetuploadFile(String token, String UploadsessionId, String Page, String UserAction) in C:\TFS_WORKSPACE\MiddleEastApps\fin4cast\02-DEVELOPER\WebApp\fin4cast\TechnipFMC.Finapp.Service.API\Controllers\ScenarioFileUploadController.cs:line 195
ClientConnectionId:a1e2c8b8-ce84-43b8-a3bc-2b7bf5673ac0
Error Number:245,State:1,Class:16
