2020-11-30 12:32:17.2369|ERROR|TechnipFMC.Finapp.Service.API.ScenarioFileUploadController|GetScenariouploadlog||System.Data.SqlClient.SqlException (0x80131904): Could not find stored procedure 'GetUploadToken'.
   at System.Data.SqlClient.SqlConnection.OnError(SqlException exception, Boolean breakConnection, Action`1 wrapCloseInAction)
   at System.Data.SqlClient.TdsParser.ThrowExceptionAndWarning(TdsParserStateObject stateObj, Boolean callerHasConnectionLock, Boolean asyncClose)
   at System.Data.SqlClient.TdsParser.TryRun(RunBehavior runBehavior, SqlCommand cmdHandler, SqlDataReader dataStream, BulkCopySimpleResultSet bulkCopyHandler, TdsParserStateObject stateObj, Boolean& dataReady)
   at System.Data.SqlClient.SqlDataReader.TryConsumeMetaData()
   at System.Data.SqlClient.SqlDataReader.get_MetaData()
   at System.Data.SqlClient.SqlCommand.FinishExecuteReader(SqlDataReader ds, RunBehavior runBehavior, String resetOptionsString, Boolean isInternal, Boolean forDescribeParameterEncryption, Boolean shouldCacheForAlwaysEncrypted)
   at System.Data.SqlClient.SqlCommand.RunExecuteReaderTds(CommandBehavior cmdBehavior, RunBehavior runBehavior, Boolean returnStream, Boolean async, Int32 timeout, Task& task, Boolean asyncWrite, Boolean inRetry, SqlDataReader ds, Boolean describeParameterEncryptionRequest)
   at System.Data.SqlClient.SqlCommand.RunExecuteReader(CommandBehavior cmdBehavior, RunBehavior runBehavior, Boolean returnStream, String method, TaskCompletionSource`1 completion, Int32 timeout, Task& task, Boolean& usedCache, Boolean asyncWrite, Boolean inRetry)
   at System.Data.SqlClient.SqlCommand.RunExecuteReader(CommandBehavior cmdBehavior, RunBehavior runBehavior, Boolean returnStream, String method)
   at System.Data.SqlClient.SqlCommand.ExecuteReader(CommandBehavior behavior, String method)
   at System.Data.Common.DbDataAdapter.FillInternal(DataSet dataset, DataTable[] datatables, Int32 startRecord, Int32 maxRecords, String srcTable, IDbCommand command, CommandBehavior behavior)
   at System.Data.Common.DbDataAdapter.Fill(DataSet dataSet, Int32 startRecord, Int32 maxRecords, String srcTable, IDbCommand command, CommandBehavior behavior)
   at System.Data.Common.DbDataAdapter.Fill(DataSet dataSet)
   at TechnipFMC.Finapp.Data.ScenarioFileRepository.GetuploadToken(String uploadsessionId, String CreatedBy, Int32 secondtime) in C:\TFS_WORKSPACE\MiddleEastApps\fin4cast\02-DEVELOPER\WebApp\fin4cast\TechnipFMC.Finapp.Data\ScenarioFileRepository.cs:line 436
   at TechnipFMC.Finapp.Service.API.Controllers.ScenarioFileUploadController.GetuploadToken(String UploadsessionId, Int32 SecondTime, String Page, String UserAction) in C:\TFS_WORKSPACE\MiddleEastApps\fin4cast\02-DEVELOPER\WebApp\fin4cast\TechnipFMC.Finapp.Service.API\Controllers\ScenarioFileUploadController.cs:line 170
ClientConnectionId:b8beaf70-d990-4b50-a749-c5588b567247
Error Number:2812,State:62,Class:16
2020-11-30 14:09:47.9349|ERROR|TechnipFMC.Finapp.Service.API.LockYearController|GetLockYearById||System.InvalidCastException: Unable to cast object of type 'System.DBNull' to type 'System.String'.
   at TechnipFMC.Finapp.Data.LockYearRepository.GetById(Int32 Year) in C:\TFS_WORKSPACE\MiddleEastApps\fin4cast\02-DEVELOPER\WebApp\fin4cast\TechnipFMC.Finapp.Data\LockYearRepository.cs:line 117
   at TechnipFMC.Finapp.Service.API.Controllers.LockYearController.GetLockYearById(Int32 Year) in C:\TFS_WORKSPACE\MiddleEastApps\fin4cast\02-DEVELOPER\WebApp\fin4cast\TechnipFMC.Finapp.Service.API\Controllers\LockYearController.cs:line 93
2020-11-30 14:11:09.9366|ERROR|TechnipFMC.Finapp.Service.API.LockYearController|GetLockYearById||System.InvalidCastException: Unable to cast object of type 'System.DBNull' to type 'System.String'.
   at TechnipFMC.Finapp.Data.LockYearRepository.GetById(Int32 Year) in C:\TFS_WORKSPACE\MiddleEastApps\fin4cast\02-DEVELOPER\WebApp\fin4cast\TechnipFMC.Finapp.Data\LockYearRepository.cs:line 117
   at TechnipFMC.Finapp.Service.API.Controllers.LockYearController.GetLockYearById(Int32 Year) in C:\TFS_WORKSPACE\MiddleEastApps\fin4cast\02-DEVELOPER\WebApp\fin4cast\TechnipFMC.Finapp.Service.API\Controllers\LockYearController.cs:line 93
2020-11-30 14:11:19.1556|ERROR|TechnipFMC.Finapp.Service.API.LockYearController|GetLockYearById||System.InvalidCastException: Unable to cast object of type 'System.DBNull' to type 'System.String'.
   at TechnipFMC.Finapp.Data.LockYearRepository.GetById(Int32 Year) in C:\TFS_WORKSPACE\MiddleEastApps\fin4cast\02-DEVELOPER\WebApp\fin4cast\TechnipFMC.Finapp.Data\LockYearRepository.cs:line 117
   at TechnipFMC.Finapp.Service.API.Controllers.LockYearController.GetLockYearById(Int32 Year) in C:\TFS_WORKSPACE\MiddleEastApps\fin4cast\02-DEVELOPER\WebApp\fin4cast\TechnipFMC.Finapp.Service.API\Controllers\LockYearController.cs:line 93
2020-11-30 14:11:36.9835|ERROR|TechnipFMC.Finapp.Service.API.LockYearController|GetLockYearById||System.InvalidCastException: Unable to cast object of type 'System.DBNull' to type 'System.String'.
   at TechnipFMC.Finapp.Data.LockYearRepository.GetById(Int32 Year) in C:\TFS_WORKSPACE\MiddleEastApps\fin4cast\02-DEVELOPER\WebApp\fin4cast\TechnipFMC.Finapp.Data\LockYearRepository.cs:line 117
   at TechnipFMC.Finapp.Service.API.Controllers.LockYearController.GetLockYearById(Int32 Year) in C:\TFS_WORKSPACE\MiddleEastApps\fin4cast\02-DEVELOPER\WebApp\fin4cast\TechnipFMC.Finapp.Service.API\Controllers\LockYearController.cs:line 93
2020-11-30 14:31:43.9486|ERROR|TechnipFMC.Finapp.Service.API.ScenarioFileUploadController|GetScenariouploadlog||System.Data.SqlClient.SqlException (0x80131904): Could not find stored procedure 'GetUploadToken'.
   at System.Data.SqlClient.SqlConnection.OnError(SqlException exception, Boolean breakConnection, Action`1 wrapCloseInAction)
   at System.Data.SqlClient.TdsParser.ThrowExceptionAndWarning(TdsParserStateObject stateObj, Boolean callerHasConnectionLock, Boolean asyncClose)
   at System.Data.SqlClient.TdsParser.TryRun(RunBehavior runBehavior, SqlCommand cmdHandler, SqlDataReader dataStream, BulkCopySimpleResultSet bulkCopyHandler, TdsParserStateObject stateObj, Boolean& dataReady)
   at System.Data.SqlClient.SqlDataReader.TryConsumeMetaData()
   at System.Data.SqlClient.SqlDataReader.get_MetaData()
   at System.Data.SqlClient.SqlCommand.FinishExecuteReader(SqlDataReader ds, RunBehavior runBehavior, String resetOptionsString, Boolean isInternal, Boolean forDescribeParameterEncryption, Boolean shouldCacheForAlwaysEncrypted)
   at System.Data.SqlClient.SqlCommand.RunExecuteReaderTds(CommandBehavior cmdBehavior, RunBehavior runBehavior, Boolean returnStream, Boolean async, Int32 timeout, Task& task, Boolean asyncWrite, Boolean inRetry, SqlDataReader ds, Boolean describeParameterEncryptionRequest)
   at System.Data.SqlClient.SqlCommand.RunExecuteReader(CommandBehavior cmdBehavior, RunBehavior runBehavior, Boolean returnStream, String method, TaskCompletionSource`1 completion, Int32 timeout, Task& task, Boolean& usedCache, Boolean asyncWrite, Boolean inRetry)
   at System.Data.SqlClient.SqlCommand.RunExecuteReader(CommandBehavior cmdBehavior, RunBehavior runBehavior, Boolean returnStream, String method)
   at System.Data.SqlClient.SqlCommand.ExecuteReader(CommandBehavior behavior, String method)
   at System.Data.Common.DbDataAdapter.FillInternal(DataSet dataset, DataTable[] datatables, Int32 startRecord, Int32 maxRecords, String srcTable, IDbCommand command, CommandBehavior behavior)
   at System.Data.Common.DbDataAdapter.Fill(DataSet dataSet, Int32 startRecord, Int32 maxRecords, String srcTable, IDbCommand command, CommandBehavior behavior)
   at System.Data.Common.DbDataAdapter.Fill(DataSet dataSet)
   at TechnipFMC.Finapp.Data.ScenarioFileRepository.GetuploadToken(String uploadsessionId, String CreatedBy, Int32 secondtime) in C:\TFS_WORKSPACE\MiddleEastApps\fin4cast\02-DEVELOPER\WebApp\fin4cast\TechnipFMC.Finapp.Data\ScenarioFileRepository.cs:line 436
   at TechnipFMC.Finapp.Service.API.Controllers.ScenarioFileUploadController.GetuploadToken(String UploadsessionId, Int32 SecondTime, String Page, String UserAction) in C:\TFS_WORKSPACE\MiddleEastApps\fin4cast\02-DEVELOPER\WebApp\fin4cast\TechnipFMC.Finapp.Service.API\Controllers\ScenarioFileUploadController.cs:line 170
ClientConnectionId:83391c93-8d85-49dc-8fb4-d1868b9e3235
Error Number:2812,State:62,Class:16
2020-11-30 16:43:47.3847|ERROR|TechnipFMC.Finapp.Service.API.ProjectController|UploadProjectData||System.NullReferenceException: Object reference not set to an instance of an object.
   at TechnipFMC.Finapp.Data.ProjectRepository.BulkUploadProjectData(XElement tempProject, XElement projectErrorLog) in C:\TFS_WORKSPACE\MiddleEastApps\fin4cast\02-DEVELOPER\WebApp\fin4cast\TechnipFMC.Finapp.Data\ProjectRepository.cs:line 494
   at TechnipFMC.Finapp.Business.ProjectBL.UploadProjectData(String sessionId, String fileName, String filePath, String userName) in C:\TFS_WORKSPACE\MiddleEastApps\fin4cast\02-DEVELOPER\WebApp\fin4cast\TechnipFMC.Finapp.Business\ProjectBL.cs:line 747
   at TechnipFMC.Finapp.Service.API.Controllers.ProjectController.UploadProjectData() in C:\TFS_WORKSPACE\MiddleEastApps\fin4cast\02-DEVELOPER\WebApp\fin4cast\TechnipFMC.Finapp.Service.API\Controllers\ProjectController.cs:line 473
